Performing C SOURCE FILE Test CMAKE_HAVE_LIBC_PTHREAD failed with the following output:
Change Dir: /tmp/tmp.dFz6Z7OdDc/cmake-build-debug/CMakeFiles/CMakeTmp

Run Build Command(s):/usr/bin/gmake cmTC_2312a/fast && /usr/bin/gmake -f CMakeFiles/cmTC_2312a.dir/build.make CMakeFiles/cmTC_2312a.dir/build
gmake[1]: Entering directory `/tmp/tmp.dFz6Z7OdDc/cmake-build-debug/CMakeFiles/CMakeTmp'
Building C object CMakeFiles/cmTC_2312a.dir/src.c.o
/usr/bin/cc   -DCMAKE_HAVE_LIBC_PTHREAD   -std=gnu11 -o CMakeFiles/cmTC_2312a.dir/src.c.o   -c /tmp/tmp.dFz6Z7OdDc/cmake-build-debug/CMakeFiles/CMakeTmp/src.c
Linking C executable cmTC_2312a
/usr/bin/cmake -E cmake_link_script CMakeFiles/cmTC_2312a.dir/link.txt --verbose=1
/usr/bin/cc  -DCMAKE_HAVE_LIBC_PTHREAD    CMakeFiles/cmTC_2312a.dir/src.c.o  -o cmTC_2312a 
CMakeFiles/cmTC_2312a.dir/src.c.o: In function `main':
src.c:(.text+0x2d): undefined reference to `pthread_create'
src.c:(.text+0x39): undefined reference to `pthread_detach'
src.c:(.text+0x4a): undefined reference to `pthread_join'
src.c:(.text+0x5e): undefined reference to `pthread_atfork'
collect2: error: ld returned 1 exit status
gmake[1]: *** [cmTC_2312a] Error 1
gmake[1]: Leaving directory `/tmp/tmp.dFz6Z7OdDc/cmake-build-debug/CMakeFiles/CMakeTmp'
gmake: *** [cmTC_2312a/fast] Error 2


Source file was:
#include <pthread.h>

void* test_func(void* data)
{
  return data;
}

int main(void)
{
  pthread_t thread;
  pthread_create(&thread, NULL, test_func, NULL);
  pthread_detach(thread);
  pthread_join(thread, NULL);
  pthread_atfork(NULL, NULL, NULL);
  pthread_exit(NULL);

  return 0;
}

Determining if the function pthread_create exists in the pthreads failed with the following output:
Change Dir: /tmp/tmp.dFz6Z7OdDc/cmake-build-debug/CMakeFiles/CMakeTmp

Run Build Command(s):/usr/bin/gmake cmTC_f0f81/fast && /usr/bin/gmake -f CMakeFiles/cmTC_f0f81.dir/build.make CMakeFiles/cmTC_f0f81.dir/build
gmake[1]: Entering directory `/tmp/tmp.dFz6Z7OdDc/cmake-build-debug/CMakeFiles/CMakeTmp'
Building C object CMakeFiles/cmTC_f0f81.dir/CheckFunctionExists.c.o
/usr/bin/cc   -DCHECK_FUNCTION_EXISTS=pthread_create   -std=gnu11 -o CMakeFiles/cmTC_f0f81.dir/CheckFunctionExists.c.o   -c /usr/share/cmake/Modules/CheckFunctionExists.c
Linking C executable cmTC_f0f81
/usr/bin/cmake -E cmake_link_script CMakeFiles/cmTC_f0f81.dir/link.txt --verbose=1
/usr/bin/cc  -DCHECK_FUNCTION_EXISTS=pthread_create    CMakeFiles/cmTC_f0f81.dir/CheckFunctionExists.c.o  -o cmTC_f0f81 -lpthreads 
/usr/bin/ld: cannot find -lpthreads
collect2: error: ld returned 1 exit status
gmake[1]: *** [cmTC_f0f81] Error 1
gmake[1]: Leaving directory `/tmp/tmp.dFz6Z7OdDc/cmake-build-debug/CMakeFiles/CMakeTmp'
gmake: *** [cmTC_f0f81/fast] Error 2



